d:\projectes\proyectos\imgui - prototype store\debug\vc142.pdb
d:\projectes\proyectos\imgui - prototype store\debug\vc142.idb
d:\projectes\proyectos\imgui - prototype store\debug\imgui_widgets.obj
d:\projectes\proyectos\imgui - prototype store\debug\imgui_tables.obj
d:\projectes\proyectos\imgui - prototype store\debug\imgui_impl_sdl.obj
d:\projectes\proyectos\imgui - prototype store\debug\imgui_impl_opengl3.obj
d:\projectes\proyectos\imgui - prototype store\debug\imgui_draw.obj
d:\projectes\proyectos\imgui - prototype store\debug\imgui_demo.obj
d:\projectes\proyectos\imgui - prototype store\debug\imgui.obj
d:\projectes\proyectos\imgui - prototype store\debug\video.obj
d:\projectes\proyectos\imgui - prototype store\debug\main.obj
d:\projectes\proyectos\imgui - prototype store\debug\opengl_imgui.exe
d:\projectes\proyectos\imgui - prototype store\debug\opengl_imgui.ilk
d:\projectes\proyectos\imgui - prototype store\debug\opengl_imgui.pdb
d:\projectes\proyectos\imgui - prototype store\debug\simplemain_imgui.obj
d:\projectes\proyectos\imgui - prototype store\debug\opengl_imgui.tlog\cl.command.1.tlog
d:\projectes\proyectos\imgui - prototype store\debug\opengl_imgui.tlog\cl.read.1.tlog
d:\projectes\proyectos\imgui - prototype store\debug\opengl_imgui.tlog\cl.write.1.tlog
d:\projectes\proyectos\imgui - prototype store\debug\opengl_imgui.tlog\link.command.1.tlog
d:\projectes\proyectos\imgui - prototype store\debug\opengl_imgui.tlog\link.read.1.tlog
d:\projectes\proyectos\imgui - prototype store\debug\opengl_imgui.tlog\link.write.1.tlog
